"../../../Engine/Content/Animation/DefaultAnimBoneCompressionSettings.uasset" 0
"../../../../../../Unreal Projects/BlackthornprodJam/Content/PlatformingChar/SkeletalMesh/kuroh_Skeleton.uasset" 1
"../../../../../../Unreal Projects/BlackthornprodJam/Content/PlatformingChar/SkeletalMesh/kuroh_Armature_Walk2.uasset" 2
"../../Plugins/2D/Paper2D/Content/PlaceholderTextures/DummySpriteTexture.uasset" 3
"../../../../../../Unreal Projects/BlackthornprodJam/Content/Materials/M_CustomSprite.uasset" 4
"../../../../../../Unreal Projects/BlackthornprodJam/Content/PlatformingChar/Textures/character_texture.uasset" 5
"../../../../../../Unreal Projects/BlackthornprodJam/Content/PlatformingChar/Skins/M_CharacterBase_MASTER.uasset" 6
"../../../../../../Unreal Projects/BlackthornprodJam/Content/PlatformingChar/Textures/eye_default.uasset" 7
"../../../../../../Unreal Projects/BlackthornprodJam/Content/PlatformingChar/Textures/eyeline_default.uasset" 8
"../../../../../../Unreal Projects/BlackthornprodJam/Content/PlatformingChar/Skins/M_CharacterFace_MASTER.uasset" 9
"../../../../../../Unreal Projects/BlackthornprodJam/Content/PlatformingChar/Skins/Kuroh/M_KurohFace.uasset" 10
"../../../../../../Unreal Projects/BlackthornprodJam/Content/PlatformingChar/Textures/robes_texture.uasset" 11
"../../../../../../Unreal Projects/BlackthornprodJam/Content/PlatformingChar/Skins/M_CharRobe_MASTER.uasset" 12
"../../../../../../Unreal Projects/BlackthornprodJam/Content/PlatformingChar/Skins/Kuroh/M_Robe.uasset" 13
"../../../../../../Unreal Projects/BlackthornprodJam/Content/PlatformingChar/SkeletalMesh/kuroh_PhysicsAsset.uasset" 14
"../../../../../../Unreal Projects/BlackthornprodJam/Content/PlatformingChar/SkeletalMesh/kuroh.uasset" 15
"../../../../../../Unreal Projects/BlackthornprodJam/Content/PlatformingChar/Textures/sigil.uasset" 16
"../../../../../../Unreal Projects/BlackthornprodJam/Content/PlatformingChar/Textures/sigil_Sprite.uasset" 17
"../../../../../../Unreal Projects/BlackthornprodJam/Content/PlatformingChar/Blueprints/CutsceneKuroh.uasset" 18
"../../../../../../Unreal Projects/BlackthornprodJam/Content/LevelSequences/Intro/Shot1.uasset" 19
"../../../../../../Unreal Projects/BlackthornprodJam/Content/PlatformingChar/SkeletalMesh/kuroh_Anim_Armature_Idle.uasset" 20
"../../../../../../Unreal Projects/BlackthornprodJam/Content/LevelSequences/Intro/Shot2.uasset" 21
"../../../../../../Unreal Projects/BlackthornprodJam/Content/Meshes/DarkSnake/dark_snake_Skeleton.uasset" 22
"../../../../../../Unreal Projects/BlackthornprodJam/Content/Meshes/DarkSnake/dark_snake_Anim_Armature_fling.uasset" 23
"../../../../../../Unreal Projects/BlackthornprodJam/Content/Meshes/DarkSnake/dark_snake_Anim_Armature_idle.uasset" 24
"../../../../../../Unreal Projects/BlackthornprodJam/Content/Meshes/DarkSnake/dark_snake_Anim_Armature_slither.uasset" 25
"../../../../../../Unreal Projects/BlackthornprodJam/Content/Materials/Textures/darkblock.uasset" 26
"../../../../../../Unreal Projects/BlackthornprodJam/Content/Materials/Masters/M_basic_Master.uasset" 27
"../../../../../../Unreal Projects/BlackthornprodJam/Content/Materials/Textures/white.uasset" 28
"../../../../../../Unreal Projects/BlackthornprodJam/Content/Materials/Masters/M_GlowingPlane.uasset" 29
"../../../Engine/Content/Functions/Engine_MaterialFunctions01/Opacity/CameraDepthFade.uasset" 30
"../../../Engine/Content/EngineMaterials/T_Default_Material_Grid_M.uasset" 31
"../../../Engine/Content/EngineMaterials/T_Default_Material_Grid_N.uasset" 32
"../../../Engine/Content/EngineMaterials/DefaultMaterial.uasset" 33
"../../../Engine/Content/BasicShapes/Cylinder.uasset" 34
"../../../../../../Unreal Projects/BlackthornprodJam/Content/Materials/Textures/launchsigils__0.uasset" 35
"../../../../../../Unreal Projects/BlackthornprodJam/Content/LevelActors/SpawnSystemFXCUTSCENE.uasset" 36
"../../../../../../Unreal Projects/BlackthornprodJam/Content/LevelSequences/Intro/Shot3.uasset" 37
"../../../../../../Unreal Projects/BlackthornprodJam/Content/LevelSequences/Intro/Master.uasset" 38
"../../../Engine/Content/Functions/Engine_MaterialFunctions01/Gradient/LinearGradient.uasset" 39
"../../../Engine/Content/Functions/Engine_MaterialFunctions01/ImageAdjustment/CheapContrast.uasset" 40
"../../../Engine/Content/EngineMaterials/DefaultDiffuse.uasset" 41
"../../../Engine/Content/Functions/Engine_MaterialFunctions01/Texturing/WorldAlignedTexture.uasset" 42
"../../../../../../Unreal Projects/BlackthornprodJam/Content/Materials/SimpleAutoizeCustom.uasset" 43
"../../../Engine/Content/EngineResources/DefaultTexture.uasset" 44
"../../../../../../Unreal Projects/BlackthornprodJam/Content/Materials/Textures/crumble.uasset" 45
"../../../../../../Unreal Projects/BlackthornprodJam/Content/Materials/Textures/crumble_AO.uasset" 46
"../../../../../../Unreal Projects/BlackthornprodJam/Content/Materials/Textures/crumble_ex.uasset" 47
"../../../../../../Unreal Projects/BlackthornprodJam/Content/Materials/Masters/M_Dynamic_MASTER.uasset" 48
"../../../../../../Unreal Projects/BlackthornprodJam/Content/Materials/Textures/launchsigils.uasset" 49
"../../../../../../Unreal Projects/BlackthornprodJam/Content/Meshes/Owl/moon_sigil.uasset" 50
"../../../../../../Unreal Projects/BlackthornprodJam/Content/Meshes/Owl/spirit_owl_Skeleton.uasset" 51
"../../../../../../Unreal Projects/BlackthornprodJam/Content/Meshes/Owl/spirit_owl_Anim_Armature_Grounded.uasset" 52
"../../../../../../Unreal Projects/BlackthornprodJam/Content/Meshes/Owl/spirit_owl_Anim_Armature_Hover.uasset" 53
"../../../../../../Unreal Projects/BlackthornprodJam/Content/Meshes/Owl/spirit_owl_Anim_Armature_NewIdle.uasset" 54
"../../../../../../Unreal Projects/BlackthornprodJam/Content/Meshes/Owl/sun_sigil.uasset" 55
"../../../Engine/Content/EditorBlueprintResources/StandardMacros.uasset" 56
"../../../../../../Unreal Projects/BlackthornprodJam/Content/PlatformingChar/Skins/Skins.uasset" 57
"../../../../../../Unreal Projects/BlackthornprodJam/Content/CustomSaveGame.uasset" 58
"../../../../../../Unreal Projects/BlackthornprodJam/Content/PlatformingChar/Skins/BlueJay/bluejay.uasset" 59
"../../../../../../Unreal Projects/BlackthornprodJam/Content/PlatformingChar/Skins/BlueJay/M_BlueJayBase.uasset" 60
"../../../../../../Unreal Projects/BlackthornprodJam/Content/PlatformingChar/Skins/BlueJay/M_BlueJayFace.uasset" 61
"../../../../../../Unreal Projects/BlackthornprodJam/Content/PlatformingChar/Skins/BlueJay/bluejay_robes.uasset" 62
"../../../../../../Unreal Projects/BlackthornprodJam/Content/PlatformingChar/Skins/BlueJay/M_BlueJayRobes.uasset" 63
"../../../../../../Unreal Projects/BlackthornprodJam/Content/PlatformingChar/Skins/Canary/canary.uasset" 64
"../../../../../../Unreal Projects/BlackthornprodJam/Content/PlatformingChar/Skins/Canary/M_CanaryBase.uasset" 65
"../../../../../../Unreal Projects/BlackthornprodJam/Content/PlatformingChar/Skins/Canary/M_CanaryFace.uasset" 66
"../../../../../../Unreal Projects/BlackthornprodJam/Content/PlatformingChar/Skins/Canary/canary_robes.uasset" 67
"../../../../../../Unreal Projects/BlackthornprodJam/Content/PlatformingChar/Skins/Canary/M_CanaryRobes.uasset" 68
"../../../../../../Unreal Projects/BlackthornprodJam/Content/PlatformingChar/Skins/Cardinal/cardinal.uasset" 69
"../../../../../../Unreal Projects/BlackthornprodJam/Content/PlatformingChar/Skins/Cardinal/M_CardinalBase.uasset" 70
"../../../../../../Unreal Projects/BlackthornprodJam/Content/PlatformingChar/Skins/Cardinal/M_CardinalFace.uasset" 71
"../../../../../../Unreal Projects/BlackthornprodJam/Content/PlatformingChar/Skins/Cardinal/cardinal_robes.uasset" 72
"../../../../../../Unreal Projects/BlackthornprodJam/Content/PlatformingChar/Skins/Cardinal/M_CardinalRobes.uasset" 73
"../../../../../../Unreal Projects/BlackthornprodJam/Content/PlatformingChar/Skins/Grape/grape.uasset" 74
"../../../../../../Unreal Projects/BlackthornprodJam/Content/PlatformingChar/Skins/Grape/M_GrapeBase.uasset" 75
"../../../../../../Unreal Projects/BlackthornprodJam/Content/PlatformingChar/Skins/Grape/M_GrapeFace.uasset" 76
"../../../../../../Unreal Projects/BlackthornprodJam/Content/PlatformingChar/Skins/Grape/grape_robes.uasset" 77
"../../../../../../Unreal Projects/BlackthornprodJam/Content/PlatformingChar/Skins/Grape/M_GrapeRobes.uasset" 78
"../../../../../../Unreal Projects/BlackthornprodJam/Content/PlatformingChar/Skins/Kuroh/M_KurohBase.uasset" 79
"../../../../../../Unreal Projects/BlackthornprodJam/Content/PlatformingChar/Skins/MountainClimber/mountainclimber.uasset" 80
"../../../../../../Unreal Projects/BlackthornprodJam/Content/PlatformingChar/Skins/MountainClimber/M_MountainClimberBase.uasset" 81
"../../../../../../Unreal Projects/BlackthornprodJam/Content/PlatformingChar/Skins/MountainClimber/M_MountainClimberFace.uasset" 82
"../../../../../../Unreal Projects/BlackthornprodJam/Content/PlatformingChar/Skins/MountainClimber/mountainclimber_robes.uasset" 83
"../../../../../../Unreal Projects/BlackthornprodJam/Content/PlatformingChar/Skins/MountainClimber/mountainclimber_robes_ex.uasset" 84
"../../../../../../Unreal Projects/BlackthornprodJam/Content/PlatformingChar/Skins/MountainClimber/M_MountainClimberRobes.uasset" 85
"../../../Engine/Content/Functions/Engine_MaterialFunctions02/ScreenResolution.uasset" 86
"../../../Engine/Content/Functions/Engine_MaterialFunctions02/Utility/BreakOutFloat2Components.uasset" 87
"../../../Engine/Content/Functions/Engine_MaterialFunctions02/TransformToClipSpace.uasset" 88
"../../../Engine/Content/Functions/Engine_MaterialFunctions02/Utility/FOV.uasset" 89
"../../../Engine/Content/Functions/Engine_MaterialFunctions02/WorldPositionOffset/ComponentPivotLocation.uasset" 90
"../../../Engine/Content/Functions/Engine_MaterialFunctions02/UVs/WorldSpaceAlignedScreenCoordinates.uasset" 91
"../../../../../../Unreal Projects/BlackthornprodJam/Content/Materials/Textures/noise.uasset" 92
"../../../../../../Unreal Projects/BlackthornprodJam/Content/Meshes/Owl/stars.uasset" 93
"../../../../../../Unreal Projects/BlackthornprodJam/Content/PlatformingChar/Skins/SolarLunar/M_KurohLunar.uasset" 94
"../../../../../../Unreal Projects/BlackthornprodJam/Content/PlatformingChar/Skins/SolarLunar/M_KurohLunar_Inst.uasset" 95
"../../../../../../Unreal Projects/BlackthornprodJam/Content/PlatformingChar/Skins/SolarLunar/M_KurohSolar.uasset" 96
"../../../../../../Unreal Projects/BlackthornprodJam/Content/PlatformingChar/Skins/SolarLunar/M_KurohSolar_Inst.uasset" 97
"../../../../../../Unreal Projects/BlackthornprodJam/Content/PlatformingChar/Skins/Super/super.uasset" 98
"../../../../../../Unreal Projects/BlackthornprodJam/Content/PlatformingChar/Skins/Super/M_SuperBase.uasset" 99
"../../../../../../Unreal Projects/BlackthornprodJam/Content/PlatformingChar/Skins/Super/M_SuperFace.uasset" 100
"../../../../../../Unreal Projects/BlackthornprodJam/Content/PlatformingChar/Skins/Super/super_robes.uasset" 101
"../../../../../../Unreal Projects/BlackthornprodJam/Content/PlatformingChar/Skins/Super/M_SuperRobes.uasset" 102
"../../../../../../Unreal Projects/BlackthornprodJam/Content/PlatformingChar/Skins/SkinsStruct.uasset" 103
"../../../../../../Unreal Projects/BlackthornprodJam/Content/PlatformingChar/Skins/SkinsDatatable.uasset" 104
"../../../../../../Unreal Projects/BlackthornprodJam/Content/TimerFunctions.uasset" 105
"../../../../../../Unreal Projects/BlackthornprodJam/Content/CrimsonText-Regular.uasset" 106
"../../../../../../Unreal Projects/BlackthornprodJam/Content/CrimsonText-Regular_Font.uasset" 107
"../../../../../../Unreal Projects/BlackthornprodJam/Content/Widgets/W_Saved.uasset" 108
"../../../../../../Unreal Projects/BlackthornprodJam/Content/CustomGameInstance.uasset" 109
"../../../../../../Unreal Projects/BlackthornprodJam/Content/CustomPlayerController.uasset" 110
"../../../../../../Unreal Projects/BlackthornprodJam/Content/PlatformingChar/SkeletalMesh/kuroh_Anim_Armature_BonkEnd.uasset" 111
"../../../../../../Unreal Projects/BlackthornprodJam/Content/PlatformingChar/SkeletalMesh/kuroh_Anim_Armature_BonkLoop.uasset" 112
"../../../../../../Unreal Projects/BlackthornprodJam/Content/PlatformingChar/SkeletalMesh/kuroh_Anim_Armature_BonkStart.uasset" 113
"../../../../../../Unreal Projects/BlackthornprodJam/Content/PlatformingChar/SkeletalMesh/kuroh_Anim_Armature_DiveLoop.uasset" 114
"../../../../../../Unreal Projects/BlackthornprodJam/Content/PlatformingChar/SkeletalMesh/kuroh_Anim_Armature_DiveStart.uasset" 115
"../../../../../../Unreal Projects/BlackthornprodJam/Content/PlatformingChar/SkeletalMesh/kuroh_Anim_Armature_JumpEnd.uasset" 116
"../../../../../../Unreal Projects/BlackthornprodJam/Content/PlatformingChar/SkeletalMesh/kuroh_Anim_Armature_JumpLoop.uasset" 117
"../../../../../../Unreal Projects/BlackthornprodJam/Content/PlatformingChar/SkeletalMesh/kuroh_Anim_Armature_JumpStart.uasset" 118
"../../../../../../Unreal Projects/BlackthornprodJam/Content/PlatformingChar/SkeletalMesh/kuroh_Anim_Armature_LaunchLoop.uasset" 119
"../../../../../../Unreal Projects/BlackthornprodJam/Content/PlatformingChar/SkeletalMesh/kuroh_Anim_Armature_WallJump.uasset" 120
"../../../../../../Unreal Projects/BlackthornprodJam/Content/PlatformingChar/SkeletalMesh/kuroh_Anim_Armature_WallSlide.uasset" 121
"../../../../../../Unreal Projects/BlackthornprodJam/Content/PlatformingChar/SkeletalMesh/kuroh_Armature_Walk2fast.uasset" 122
"../../../../../../Unreal Projects/BlackthornprodJam/Content/PlatformingChar/SkeletalMesh/BP_Walking.uasset" 123
"../../../../../../Unreal Projects/BlackthornprodJam/Content/PlatformingChar/Blueprints/MovementState.uasset" 124
"../../../../../../Unreal Projects/BlackthornprodJam/Content/Sounds/Birb_Attenu.uasset" 125
"../../../../../../Unreal Projects/BlackthornprodJam/Content/Sounds/Wavs/footstep.uasset" 126
"../../../../../../Unreal Projects/BlackthornprodJam/Content/Sounds/Cue_Footstep.uasset" 127
"../../../../../../Unreal Projects/BlackthornprodJam/Content/PlatformingChar/SkeletalMesh/AnimBP_Kuroh.uasset" 128
"../../../../../../Unreal Projects/BlackthornprodJam/Content/PlatformingChar/SkeletalMesh/Wings/wings_Skeleton.uasset" 129
"../../../../../../Unreal Projects/BlackthornprodJam/Content/PlatformingChar/SkeletalMesh/Wings/wings_Anim_Armature_Glide.uasset" 130
"../../../../../../Unreal Projects/BlackthornprodJam/Content/PlatformingChar/SkeletalMesh/Wings/AnimBP_Wings.uasset" 131
"../../../../../../Unreal Projects/BlackthornprodJam/Content/PlatformingChar/SkeletalMesh/kuroh_Anim_Armature_BonkEnd_Montage.uasset" 132
"../../../../../../Unreal Projects/BlackthornprodJam/Content/PlatformingChar/SkeletalMesh/kuroh_Anim_Armature_BonkStart_Montage.uasset" 133
"../../../../../../Unreal Projects/BlackthornprodJam/Content/PlatformingChar/SkeletalMesh/Wings/wings_Anim_Armature_Jump.uasset" 134
"../../../../../../Unreal Projects/BlackthornprodJam/Content/PlatformingChar/SkeletalMesh/Wings/wings_Anim_Armature_JumpLag.uasset" 135
"../../../../../../Unreal Projects/BlackthornprodJam/Content/PlatformingChar/SkeletalMesh/Wings/wings_Anim_Armature_Jump_Montage.uasset" 136
"../../Plugins/FX/Niagara/Content/DefaultAssets/DefaultSpriteMaterial.uasset" 137
"../../Plugins/FX/Niagara/Content/DynamicInputs/Angles/NormalizedAngleToDegrees.uasset" 138
"../../Plugins/FX/Niagara/Content/DynamicInputs/Helpers/SimulationPosition.uasset" 139
"../../Plugins/FX/Niagara/Content/DynamicInputs/TypeConversions/Vector2DFromFloat.uasset" 140
"../../Plugins/FX/Niagara/Content/Enums/ENiagaraRandomnessMode.uasset" 141
"../../Plugins/FX/Niagara/Content/Functions/GetRandomInfo.uasset" 142
"../../Plugins/FX/Niagara/Content/Functions/RandomRangeFloat.uasset" 143
"../../Plugins/FX/Niagara/Content/DynamicInputs/UniformRange/UniformRangedFloat.uasset" 144
"../../Plugins/FX/Niagara/Content/DynamicInputs/ValueFromCurve/FloatFromCurve.uasset" 145
"../../Plugins/FX/Niagara/Content/Functions/Localspace/SimulationPosition.uasset" 146
"../../Plugins/FX/Niagara/Content/Functions/Emitter/EmitterChangeState.uasset" 147
"../../Plugins/FX/Niagara/Content/Enums/ENiagara_EmitterStateOptions.uasset" 148
"../../Plugins/FX/Niagara/Content/Enums/ENiagara_InfiniteLoopDuration.uasset" 149
"../../Plugins/FX/Niagara/Content/Enums/ENiagaraEmitterLifeCycleMode.uasset" 150
"../../Plugins/FX/Niagara/Content/Enums/ENiagaraEmitterScalabilityMode_Limited.uasset" 151
"../../Plugins/FX/Niagara/Content/Enums/ENiagaraExecutionStateManagement.uasset" 152
"../../Plugins/FX/Niagara/Content/Enums/ENiagaraInactiveMode.uasset" 153
"../../Plugins/FX/Niagara/Content/Modules/Emitter/EmitterState.uasset" 154
"../../Plugins/FX/Niagara/Content/Modules/Emitter/SpawnRate.uasset" 155
"../../Plugins/FX/Niagara/Content/Functions/DirectionAndLengthSafe.uasset" 156
"../../Plugins/FX/Niagara/Content/Modules/Solvers/SolveForcesAndVelocity.uasset" 157
"../../Plugins/FX/Niagara/Content/Modules/Spawn/Initialization/InitializeParticle.uasset" 158
"../../Plugins/FX/Niagara/Content/Functions/IsolateLongestVectorComponent.uasset" 159
"../../Plugins/FX/Niagara/Content/Enums/ENiagaraCoordinateSpace.uasset" 160
"../../Plugins/FX/Niagara/Content/Functions/Localspace/TransformBase.uasset" 161
"../../Plugins/FX/Niagara/Content/Functions/Localspace/TransformVector.uasset" 162
"../../Plugins/FX/Niagara/Content/Functions/RandomPointInBox.uasset" 163
"../../Plugins/FX/Niagara/Content/Functions/Rotation/RotateAngleOnAxis.uasset" 164
"../../Plugins/FX/Niagara/Content/Enums/ENiagaraExpansionMode.uasset" 165
"../../Plugins/FX/Niagara/Content/Modules/Spawn/Location/BoxLocation.uasset" 166
"../../Plugins/FX/Niagara/Content/Functions/NormalizeDistanceRange.uasset" 167
"../../Plugins/FX/Niagara/Content/Functions/DistanceBasedFalloff.uasset" 168
"../../Plugins/FX/Niagara/Content/Functions/RandomUnitVector.uasset" 169
"../../Plugins/FX/Niagara/Content/Functions/RandomVector.uasset" 170
"../../Plugins/FX/Niagara/Content/Modules/Spawn/Velocity/AddVelocityFromPoint.uasset" 171
"../../Plugins/FX/Niagara/Content/Enums/ENiagaraScaleColorMode.uasset" 172
"../../Plugins/FX/Niagara/Content/Modules/Update/Color/ScaleColor.uasset" 173
"../../Plugins/FX/Niagara/Content/Modules/Update/Forces/Drag.uasset" 174
"../../Plugins/FX/Niagara/Content/Functions/Localspace/TransformPosition.uasset" 175
"../../Plugins/FX/Niagara/Content/Functions/PointToLineSegmentDistance.uasset" 176
"../../Plugins/FX/Niagara/Content/Modules/Update/Forces/LineAttractionForce.uasset" 177
"../../Plugins/FX/Niagara/Content/Modules/Update/Lifetime/ParticleState.uasset" 178
"../../Plugins/FX/Niagara/Content/Enums/ENiagaraMassByVolume.uasset" 179
"../../Plugins/FX/Niagara/Content/Modules/Update/Mass/CalculateSizeAndRotationalInertiaByMass.uasset" 180
"../../Plugins/FX/Niagara/Content/Modules/Update/Size/ScaleSpriteSize.uasset" 181
"../../../../../../Unreal Projects/BlackthornprodJam/Content/FX/N_Checkpoint.uasset" 182
"../../Plugins/FX/Niagara/Content/Functions/System/SystemChangeState.uasset" 183
"../../Plugins/FX/Niagara/Content/Enums/ENiagaraSystemInactiveMode.uasset" 184
"../../Plugins/FX/Niagara/Content/Modules/System/SystemState.uasset" 185
"../../../../../../Unreal Projects/BlackthornprodJam/Content/FX/N_Checkpoint_System.uasset" 186
"../../../../../../Unreal Projects/BlackthornprodJam/Content/Materials/Textures/launchsigils__1.uasset" 187
"../../../../../../Unreal Projects/BlackthornprodJam/Content/LevelActors/Checkpoint.uasset" 188
"../../../../../../Unreal Projects/BlackthornprodJam/Content/PlatformingChar/SkeletalMesh/kuroh_Anim_Armature_LaunchEnd.uasset" 189
"../../../../../../Unreal Projects/BlackthornprodJam/Content/PlatformingChar/SkeletalMesh/kuroh_Anim_Armature_LaunchEnd_Montage.uasset" 190
"../../../../../../Unreal Projects/BlackthornprodJam/Content/PlatformingChar/SkeletalMesh/kuroh_Anim_Armature_LaunchStart.uasset" 191
"../../../../../../Unreal Projects/BlackthornprodJam/Content/PlatformingChar/SkeletalMesh/kuroh_Anim_Armature_LaunchStart_Montage.uasset" 192
"../../../../../../Unreal Projects/BlackthornprodJam/Content/Meshes/Owl/spirit_owl_Anim_Armature_Grounded2.uasset" 193
"../../../../../../Unreal Projects/BlackthornprodJam/Content/PlatformingChar/SkeletalMesh/Cutscene_KurohIdle.uasset" 194
"../../../../../../Unreal Projects/BlackthornprodJam/Content/PlatformingChar/SkeletalMesh/Cutscene_KurohFly.uasset" 195
"../../../../../../Unreal Projects/BlackthornprodJam/Content/Materials/Masters/M_transparent.uasset" 196
"../../../../../../Unreal Projects/BlackthornprodJam/Content/PlatformingChar/SkeletalMesh/Crow2.uasset" 197
"../../../../../../Unreal Projects/BlackthornprodJam/Content/LevelActors/CrowCrowd.uasset" 198
"../../../../../../Unreal Projects/BlackthornprodJam/Content/Meshes/Owl/moon_sigil_Sprite.uasset" 199
"../../../../../../Unreal Projects/BlackthornprodJam/Content/Meshes/Owl/M_DarkSpace.uasset" 200
"../../../../../../Unreal Projects/BlackthornprodJam/Content/Meshes/Owl/spirit_owl_PhysicsAsset.uasset" 201
"../../../../../../Unreal Projects/BlackthornprodJam/Content/Meshes/Owl/spirit_owl.uasset" 202
"../../../../../../Unreal Projects/BlackthornprodJam/Content/Meshes/Owl/Owl_Boss1.uasset" 203
"../../../../../../Unreal Projects/BlackthornprodJam/Content/Meshes/Owl/M_LightSpace.uasset" 204
"../../../../../../Unreal Projects/BlackthornprodJam/Content/Meshes/Owl/sun_sigil_Sprite.uasset" 205
"../../../../../../Unreal Projects/BlackthornprodJam/Content/Meshes/Owl/Owl_Light.uasset" 206
"../../../../../../Unreal Projects/BlackthornprodJam/Content/LevelSequences/Boss2/Shot1.uasset" 207
"../../../../../../Unreal Projects/BlackthornprodJam/Content/Meshes/Owl/spirit_owl_Anim_Armature_IntimidateAir.uasset" 208
"../../../../../../Unreal Projects/BlackthornprodJam/Content/Meshes/Owl/M_DarkCrystal.uasset" 209
"../../../../../../Unreal Projects/BlackthornprodJam/Content/PlatformingChar/SkeletalMesh/Wings/feather.uasset" 210
"../../../../../../Unreal Projects/BlackthornprodJam/Content/Materials/M_CustomParticle.uasset" 211
"../../../../../../Unreal Projects/BlackthornprodJam/Content/Materials/Textures/circle.uasset" 212
"../../../../../../Unreal Projects/BlackthornprodJam/Content/Materials/M_Darkness.uasset" 213
"../../Plugins/FX/Niagara/Content/Modules/Spawn/Velocity/AddVelocity.uasset" 214
"../../../../../../Unreal Projects/BlackthornprodJam/Content/FX/N_DarkRelease.uasset" 215
"../../Plugins/FX/Niagara/Content/DynamicInputs/UniformRange/UniformRangedVector.uasset" 216
"../../../../../../Unreal Projects/BlackthornprodJam/Content/FX/N_CrowRelease_System1.uasset" 217
"../../../../../../Unreal Projects/BlackthornprodJam/Content/LevelActors/FrozenCrow.uasset" 218
"../../../../../../Unreal Projects/BlackthornprodJam/Content/LevelSequences/Boss2/Shot10.uasset" 219
"../../../../../../Unreal Projects/BlackthornprodJam/Content/Meshes/Owl/spirit_owl_Anim_Armature_Intimidate.uasset" 220
"../../../../../../Unreal Projects/BlackthornprodJam/Content/LevelSequences/Boss2/Shot11.uasset" 221
"../../../../../../Unreal Projects/BlackthornprodJam/Content/LevelSequences/Boss2/Shot12.uasset" 222
"../../../../../../Unreal Projects/BlackthornprodJam/Content/LevelSequences/Boss2/Shot2.uasset" 223
"../../../../../../Unreal Projects/BlackthornprodJam/Content/FX/N_DarkExplosion.uasset" 224
"../../../../../../Unreal Projects/BlackthornprodJam/Content/FX/N_DarkExplosion_System.uasset" 225
"../../../../../../Unreal Projects/BlackthornprodJam/Content/LevelSequences/Boss2/Shot3.uasset" 226
"../../../../../../Unreal Projects/BlackthornprodJam/Content/LevelSequences/Boss2/Shot4.uasset" 227
"../../../../../../Unreal Projects/BlackthornprodJam/Content/Meshes/Owl/spirit_owl_Anim_Armature_GetUp.uasset" 228
"../../../../../../Unreal Projects/BlackthornprodJam/Content/LevelSequences/Boss2/Shot5.uasset" 229
"../../../../../../Unreal Projects/BlackthornprodJam/Content/Meshes/Owl/spirit_owl_Anim_Armature_LookAtSelf.uasset" 230
"../../../../../../Unreal Projects/BlackthornprodJam/Content/LevelSequences/Boss2/Shot6.uasset" 231
"../../../../../../Unreal Projects/BlackthornprodJam/Content/Meshes/Owl/spirit_owl_Anim_Armature_Bow.uasset" 232
"../../../../../../Unreal Projects/BlackthornprodJam/Content/LevelSequences/Boss2/Shot7.uasset" 233
"../../../../../../Unreal Projects/BlackthornprodJam/Content/LevelSequences/Boss2/Shot8.uasset" 234
"../../../../../../Unreal Projects/BlackthornprodJam/Content/LevelSequences/Boss2/Shot9.uasset" 235
"../../../../../../Unreal Projects/BlackthornprodJam/Content/LevelSequences/Boss2/BossMaster2.uasset" 236
"../../../../../../Unreal Projects/BlackthornprodJam/Content/Materials/Textures/launchsigils__2.uasset" 237
"../../../../../../Unreal Projects/BlackthornprodJam/Content/Widgets/W_Bars.uasset" 238
"../../../../../../Unreal Projects/BlackthornprodJam/Content/Widgets/MainMenu/Skull.uasset" 239
"../../../../../../Unreal Projects/BlackthornprodJam/Content/Widgets/W_Deaths.uasset" 240
"../../../../../../Unreal Projects/BlackthornprodJam/Content/Widgets/MainMenu/Highlight.uasset" 241
"../../../../../../Unreal Projects/BlackthornprodJam/Content/Widgets/W_Options.uasset" 242
"../../../../../../Unreal Projects/BlackthornprodJam/Content/Widgets/W_PauseMenu.uasset" 243
"../../../../../../Unreal Projects/BlackthornprodJam/Content/Widgets/W_Respawn.uasset" 244
"../../../../../../Unreal Projects/BlackthornprodJam/Content/CustomMacros.uasset" 245
"../../../../../../Unreal Projects/BlackthornprodJam/Content/Widgets/W_Timer.uasset" 246
"../../../../../../Unreal Projects/BlackthornprodJam/Content/Widgets/W_HUD.uasset" 247
"../../../../../../Unreal Projects/BlackthornprodJam/Content/Widgets/W_SkipCutscene.uasset" 248
"../../../../../../Unreal Projects/BlackthornprodJam/Content/Widgets/W_StandaloneSkipCutscene.uasset" 249
"../../../../../../Unreal Projects/BlackthornprodJam/Content/LevelActors/Launcher.uasset" 250
"../../../../../../Unreal Projects/BlackthornprodJam/Content/PlatformingChar/SkeletalMesh/Wings/wing.uasset" 251
"../../../../../../Unreal Projects/BlackthornprodJam/Content/PlatformingChar/SkeletalMesh/Wings/M_wings.uasset" 252
"../../../../../../Unreal Projects/BlackthornprodJam/Content/PlatformingChar/SkeletalMesh/Wings/M_LunarWings.uasset" 253
"../../../../../../Unreal Projects/BlackthornprodJam/Content/PlatformingChar/SkeletalMesh/Wings/M_MountainClimberWings.uasset" 254
"../../../../../../Unreal Projects/BlackthornprodJam/Content/PlatformingChar/SkeletalMesh/Wings/M_SolarWings.uasset" 255
"../../../../../../Unreal Projects/BlackthornprodJam/Content/PlatformingChar/SkeletalMesh/Wings/M_SuperWings.uasset" 256
"../../../../../../Unreal Projects/BlackthornprodJam/Content/PlatformingChar/SkeletalMesh/Wings/M_wings_Inst.uasset" 257
"../../../../../../Unreal Projects/BlackthornprodJam/Content/FX/N_trail.uasset" 258
"../../../../../../Unreal Projects/BlackthornprodJam/Content/FX/Divetrail_System.uasset" 259
"../../Plugins/FX/Niagara/Content/Modules/Emitter/SpawnBurst_Instantaneous.uasset" 260
"../../Plugins/FX/Niagara/Content/Functions/Math/RemapValueRange.uasset" 261
"../../Plugins/FX/Niagara/Content/Functions/PolarToCartesianCoordinates.uasset" 262
"../../Plugins/FX/Niagara/Content/Functions/RandomVectorInCone.uasset" 263
"../../Plugins/FX/Niagara/Content/Functions/Rotation/FindQuatBetween.uasset" 264
"../../Plugins/FX/Niagara/Content/Functions/Rotation/MultiplyVectorWithQuaternion.uasset" 265
"../../Plugins/FX/Niagara/Content/Modules/Spawn/Velocity/AddVelocityInCone.uasset" 266
"../../Plugins/FX/Niagara/Content/Modules/Update/Forces/GravityForce.uasset" 267
"../../Plugins/FX/Niagara/Content/Modules/Update/Size/ScaleSpriteSizeBySpeed.uasset" 268
"../../../../../../Unreal Projects/BlackthornprodJam/Content/FX/N_Bonk.uasset" 269
"../../../../../../Unreal Projects/BlackthornprodJam/Content/FX/N_Bonk_System.uasset" 270
"../../../../../../Unreal Projects/BlackthornprodJam/Content/PlatformingChar/Textures/music.uasset" 271
"../../../../../../Unreal Projects/BlackthornprodJam/Content/Materials/M_Chirp.uasset" 272
"../../Plugins/FX/Niagara/Content/Functions/RandomPointInSphere.uasset" 273
"../../Plugins/FX/Niagara/Content/Enums/ENiagaraTorusDistributionMode.uasset" 274
"../../Plugins/FX/Niagara/Content/Modules/Spawn/Location/SphereLocation.uasset" 275
"../../Plugins/FX/Niagara/Content/Modules/Update/Velocity/VortexVelocity.uasset" 276
"../../../../../../Unreal Projects/BlackthornprodJam/Content/FX/N_Chirp.uasset" 277
"../../../../../../Unreal Projects/BlackthornprodJam/Content/FX/N_Chirp_System.uasset" 278
"../../Plugins/FX/Niagara/Content/Functions/FindAngleBetweenVectors.uasset" 279
"../../Plugins/FX/Niagara/Content/Functions/Masks/ConeMask.uasset" 280
"../../Plugins/FX/Niagara/Content/Enums/ENiagaraCurlNoiseQuality.uasset" 281
"../../Plugins/FX/Niagara/Content/VectorFields/Assets/TilingCurl16.uasset" 282
"../../Plugins/FX/Niagara/Content/VectorFields/Assets/TilingCurl32.uasset" 283
"../../Plugins/FX/Niagara/Content/VectorFields/Assets/TilingCurl64.uasset" 284
"../../Plugins/FX/Niagara/Content/Modules/Update/Forces/CurlNoiseForce.uasset" 285
"../../../../../../Unreal Projects/BlackthornprodJam/Content/FX/N_Sand.uasset" 286
"../../../../../../Unreal Projects/BlackthornprodJam/Content/FX/N_LightFlies_System.uasset" 287
"../../../../../../Unreal Projects/BlackthornprodJam/Content/FX/N_trail_System.uasset" 288
"../../../../../../Unreal Projects/BlackthornprodJam/Content/FX/N_Clouds.uasset" 289
"../../../../../../Unreal Projects/BlackthornprodJam/Content/FX/N_Wallslide_System.uasset" 290
"../../../../../../Unreal Projects/BlackthornprodJam/Content/PlatformingChar/SkeletalMesh/Wings/M_Feather.uasset" 291
"../../../../../../Unreal Projects/BlackthornprodJam/Content/PlatformingChar/SkeletalMesh/Wings/N_FeatherBurst.uasset" 292
"../../../../../../Unreal Projects/BlackthornprodJam/Content/PlatformingChar/SkeletalMesh/Wings/N_FeatherBurst_System.uasset" 293
"../../../../../../Unreal Projects/BlackthornprodJam/Content/PlatformingChar/SkeletalMesh/Wings/N_FeatherTrail_Sys.uasset" 294
"../../../../../../Unreal Projects/BlackthornprodJam/Content/Materials/Masters/M_DebugColorBlock.uasset" 295
"../../../../../../Unreal Projects/BlackthornprodJam/Content/Materials/M_DebugBrown.uasset" 296
"../../../../../../Unreal Projects/BlackthornprodJam/Content/PlatformingChar/SkeletalMesh/Wings/backpack.uasset" 297
"../../../../../../Unreal Projects/BlackthornprodJam/Content/Materials/M_DebugRed.uasset" 298
"../../../../../../Unreal Projects/BlackthornprodJam/Content/PlatformingChar/SkeletalMesh/Wings/super_hat.uasset" 299
"../../../../../../Unreal Projects/BlackthornprodJam/Content/PlatformingChar/SkeletalMesh/Wings/wings_PhysicsAsset.uasset" 300
"../../../../../../Unreal Projects/BlackthornprodJam/Content/PlatformingChar/SkeletalMesh/Wings/wings.uasset" 301
"../../../../../../Unreal Projects/BlackthornprodJam/Content/PlatformingChar/Textures/mountain_sigil_Sprite.uasset" 302
"../../../../../../Unreal Projects/BlackthornprodJam/Content/PlatformingChar/Textures/super_sigil_Sprite.uasset" 303
"../../../../../../Unreal Projects/BlackthornprodJam/Content/Sounds/Wavs/flap.uasset" 304
"../../../../../../Unreal Projects/BlackthornprodJam/Content/Sounds/Cue_Flap.uasset" 305
"../../../../../../Unreal Projects/BlackthornprodJam/Content/Sounds/Wavs/big_flap.uasset" 306
"../../../../../../Unreal Projects/BlackthornprodJam/Content/Sounds/Wavs/big_flap_Cue.uasset" 307
"../../../../../../Unreal Projects/BlackthornprodJam/Content/Sounds/Wavs/Chip_Cue.uasset" 308
"../../../../../../Unreal Projects/BlackthornprodJam/Content/Sounds/Wavs/featherimpact.uasset" 309
"../../../../../../Unreal Projects/BlackthornprodJam/Content/Sounds/Wavs/Cue_featherimpact.uasset" 310
"../../../../../../Unreal Projects/BlackthornprodJam/Content/Sounds/Wavs/impacthard.uasset" 311
"../../../../../../Unreal Projects/BlackthornprodJam/Content/Sounds/Wavs/cue_land.uasset" 312
"../../../../../../Unreal Projects/BlackthornprodJam/Content/Sounds/Wavs/wallslideloop.uasset" 313
"../../../../../../Unreal Projects/BlackthornprodJam/Content/Sounds/Wavs/Cue_Wallslideloop.uasset" 314
"../../../../../../Unreal Projects/BlackthornprodJam/Content/Sounds/Wavs/impacthard_Cue.uasset" 315
"../../../../../../Unreal Projects/BlackthornprodJam/Content/Sounds/Wavs/rustled.uasset" 316
"../../../../../../Unreal Projects/BlackthornprodJam/Content/Sounds/Wavs/rustled_Cue.uasset" 317
"../../../../../../Unreal Projects/BlackthornprodJam/Content/PlatformingChar/Blueprints/PlatformingCharacter.uasset" 318
"../../../../../../Unreal Projects/BlackthornprodJam/Content/PlatformingChar/Blueprints/PlatformingGameMode.uasset" 319
"../../../../../../Unreal Projects/BlackthornprodJam/Content/PlatformingChar/Textures/mountain_sigil.uasset" 320
"../../../../../../Unreal Projects/BlackthornprodJam/Content/PlatformingChar/Textures/super_sigil.uasset" 321
"../../../../../../Unreal Projects/BlackthornprodJam/Content/Sounds/Wavs/chirp1.uasset" 322
"../../../../../../Unreal Projects/BlackthornprodJam/Content/Sounds/Wavs/chirp2.uasset" 323
"../../../../../../Unreal Projects/BlackthornprodJam/Content/Splash/EdSplash.uasset" 324
"../../../../../../Unreal Projects/BlackthornprodJam/Content/Splash/Splash.uasset" 325
"../../../../../../Unreal Projects/BlackthornprodJam/Content/Widgets/FPS_Enums.uasset" 326
"../../../../../../Unreal Projects/BlackthornprodJam/Content/Widgets/W_DEBUG.uasset" 327
"../../../Engine/Content/Animation/DefaultAnimCurveCompressionSettings.uasset" 328
"../../../Engine/Content/EngineMaterials/WorldGridMaterial.uasset" 329
"../../../Engine/Content/ArtTools/RenderToTexture/Meshes/S_1_Unit_Plane.uasset" 330
"../../../Engine/Content/BasicShapes/Cone.uasset" 331
"../../../Engine/Content/EditorLandscapeResources/DataLayer.uasset" 332
"../../../Engine/Content/EditorMaterials/MAT_Groups_Toggle.uasset" 333
"../../../Engine/Content/EditorMaterials/MAT_Groups_Visibility.uasset" 334
"../../../Engine/Content/EditorMaterials/PreviewShadowIndicator.uasset" 335
"../../../Engine/Content/EditorMaterials/PreviewShadowIndicatorMaterial.uasset" 336
"../../../Engine/Content/EditorMaterials/MatineeGroups/MAT_ColorTrack.uasset" 337
"../../../Engine/Content/EditorMaterials/MatineeGroups/MAT_Groups_Anim.uasset" 338
"../../../Engine/Content/EditorMaterials/MatineeGroups/MAT_Groups_AudioMaster.uasset" 339
"../../../Engine/Content/EditorMaterials/MatineeGroups/MAT_Groups_Director.uasset" 340
"../../../Engine/Content/EditorMaterials/MatineeGroups/MAT_Groups_Event.uasset" 341
"../../../Engine/Content/EditorMaterials/MatineeGroups/MAT_Groups_Fade.uasset" 342
"../../../Engine/Content/EditorMaterials/MatineeGroups/MAT_Groups_Float.uasset" 343
"../../../Engine/Content/EditorMaterials/MatineeGroups/MAT_Groups_Move.uasset" 344
"../../../Engine/Content/EditorMaterials/MatineeGroups/MAT_Groups_Slomo.uasset" 345
"../../../Engine/Content/EditorMaterials/MatineeGroups/MAT_Groups_Sound.uasset" 346
"../../../Engine/Content/EditorMaterials/MatineeGroups/MAT_Groups_Vector.uasset" 347
"../../../Engine/Content/EditorMaterials/ParticleSystems/PSysThumbnail_NoImage.uasset" 348
"../../../Engine/Content/EditorMaterials/ParticleSystems/PSysThumbnail_OOD.uasset" 349
"../../../Engine/Content/EditorMaterials/Camera/CineMat.uasset" 350
"../../../Engine/Content/EditorMaterials/Camera/MI_CineMat_Rig.uasset" 351
"../../../Engine/Content/EditorMeshes/Camera/SM_CraneRig_Arm.uasset" 352
"../../../Engine/Content/EditorMeshes/Camera/SM_CraneRig_Base.uasset" 353
"../../../Engine/Content/EditorMeshes/Camera/SM_CraneRig_Body.uasset" 354
"../../../Engine/Content/EditorMeshes/Camera/SM_CraneRig_Mount.uasset" 355
"../../../Engine/Content/EditorMeshes/Camera/SM_RailRig_Mount.uasset" 356
"../../../Engine/Content/EditorMeshes/Camera/SM_RailRig_Track.uasset" 357
"../../../Engine/Content/EditorResources/BSPVertex.uasset" 358
"../../../Engine/Content/EditorResources/EmptyActor.uasset" 359
"../../../Engine/Content/EditorResources/S_Actor.uasset" 360
"../../../Engine/Content/EditorResources/S_Note.uasset" 361
"../../../Engine/Content/EditorResources/S_Solver.uasset" 362
"../../../Engine/Content/EditorResources/S_Trigger.uasset" 363
"../../../Engine/Content/EditorResources/AudioIcons/S_AudioComponent_AutoActivate.uasset" 364
"../../../Engine/Content/EditorResources/LightIcons/S_LightError.uasset" 365
"../../../Engine/Content/EditorResources/SequenceRecorder/Countdown.uasset" 366
"../../../Engine/Content/EditorResources/SequenceRecorder/RecordingIndicator.uasset" 367
"../../../Engine/Content/EditorSounds/Notifications/CompileFailed.uasset" 368
"../../../Engine/Content/EditorSounds/Notifications/CompileFailed_Cue.uasset" 369
"../../../Engine/Content/EditorSounds/Notifications/CompileSuccess.uasset" 370
"../../../Engine/Content/EditorSounds/Notifications/CompileStart_Cue.uasset" 371
"../../../Engine/Content/EditorSounds/Notifications/CompileSuccess_Cue.uasset" 372
"../../../Engine/Content/EngineDamageTypes/DmgTypeBP_Environmental.uasset" 373
"../../../Engine/Content/EngineDebugMaterials/DebugEditorMaterial.uasset" 374
"../../../Engine/Content/EngineDebugMaterials/DebugMeshMaterial.uasset" 375
"../../../Engine/Content/EngineDebugMaterials/M_SimpleUnlitTranslucent.uasset" 376
"../../../Engine/Content/Functions/Engine_MaterialFunctions02/Utility/CameraDirectionVector.uasset" 377
"../../../Engine/Content/EngineDebugMaterials/VolumeToRender.uasset" 378
"../../../Engine/Content/EngineDebugMaterials/M_VolumeRenderSphereTracePP.uasset" 379
"../../../Engine/Content/EngineDebugMaterials/WireframeMaterial.uasset" 380
"../../../Engine/Content/EngineFonts/Faces/DroidSansFallback.uasset" 381
"../../../Engine/Content/EngineFonts/Faces/RobotoBold.uasset" 382
"../../../Engine/Content/EngineFonts/Faces/RobotoBoldItalic.uasset" 383
"../../../Engine/Content/EngineFonts/Faces/RobotoItalic.uasset" 384
"../../../Engine/Content/EngineFonts/Faces/RobotoLight.uasset" 385
"../../../Engine/Content/EngineFonts/Faces/RobotoRegular.uasset" 386
"../../../Engine/Content/EngineFonts/Roboto.uasset" 387
"../../../Engine/Content/EngineMaterials/BaseFlattenDiffuseMap.uasset" 388
"../../../Engine/Content/EngineMaterials/BaseFlattenEmissiveMap.uasset" 389
"../../../Engine/Content/EngineMaterials/BaseFlattenGrayscaleMap.uasset" 390
"../../../Engine/Content/EngineMaterials/BaseFlattenNormalMap.uasset" 391
"../../../Engine/Content/EngineMaterials/BaseFlattenMaterial.uasset" 392
"../../../Engine/Content/EngineMaterials/BlueNoise.uasset" 393
"../../../Engine/Content/EngineMaterials/DefaultBloomKernel.uasset" 394
"../../../Engine/Content/EngineMaterials/DefaultBokeh.uasset" 395
"../../../Engine/Content/EngineMaterials/DefaultDeferredDecalMaterial.uasset" 396
"../../../Engine/Content/EngineMaterials/DefaultLightFunctionMaterial.uasset" 397
"../../../Engine/Content/EngineMaterials/DefaultPostProcessMaterial.uasset" 398
"../../../Engine/Content/EngineFonts/RobotoDistanceField.uasset" 399
"../../../Engine/Content/EngineMaterials/DefaultTextMaterialOpaque.uasset" 400
"../../../Engine/Content/EngineMaterials/DefaultWhiteGrid_Low.uasset" 401
"../../../Engine/Content/EngineMaterials/EmissiveMeshMaterial.uasset" 402
"../../../Engine/Content/EngineMaterials/GizmoMaterial.uasset" 403
"../../../Engine/Content/EngineMaterials/Good64x64TilingNoiseHighFreq.uasset" 404
"../../../Engine/Content/EngineMaterials/MiniFont.uasset" 405
"../../../Engine/Content/EngineMaterials/InvalidLightmapSettings.uasset" 406
"../../../Engine/Content/EngineMaterials/M_InvalidLightmapSettings.uasset" 407
"../../../Engine/Content/Functions/Engine_MaterialFunctions02/WorldPositionOffset/CameraOffset.uasset" 408
"../../../Engine/Content/EngineMaterials/PhAT_JointLimitMaterial.uasset" 409
"../../../Engine/Content/EngineMaterials/PreintegratedSkinBRDF.uasset" 410
"../../../Engine/Content/EngineMaterials/RemoveSurfaceMaterial.uasset" 411
"../../../Engine/Content/EngineMaterials/WeightMapPlaceholderTexture.uasset" 412
"../../../Engine/Content/EngineResources/WhiteSquareTexture.uasset" 413
"../../../Engine/Content/EngineMaterials/Widget3DPassThrough.uasset" 414
"../../../Engine/Content/EngineMaterials/Widget3DPassThrough_Masked.uasset" 415
"../../../Engine/Content/EngineMaterials/Widget3DPassThrough_Opaque.uasset" 416
"../../../Engine/Content/EngineMaterials/Widget3DPassThrough_Masked_OneSided.uasset" 417
"../../../Engine/Content/EngineMaterials/Widget3DPassThrough_Opaque_OneSided.uasset" 418
"../../../Engine/Content/EngineMaterials/Widget3DPassThrough_Translucent.uasset" 419
"../../../Engine/Content/EngineMaterials/Widget3DPassThrough_Translucent_OneSided.uasset" 420
"../../../Engine/Content/EngineMeshes/Cylinder.uasset" 421
"../../../Engine/Content/EngineMeshes/Sphere.uasset" 422
"../../../Engine/Content/EngineResources/Black.uasset" 423
"../../../Engine/Content/EngineResources/DefaultTextureCube.uasset" 424
"../../../Engine/Content/EngineResources/DefaultVolumeTexture2D.uasset" 425
"../../../Engine/Content/EngineResources/DefaultVolumeTexture.uasset" 426
"../../../Engine/Content/EngineResources/GradientTexture0.uasset" 427
"../../../Engine/Content/EngineSounds/Master.uasset" 428
"../../../Engine/Content/Functions/Engine_MaterialFunctions01/Shading/ConvertFromDiffSpec.uasset" 429
"../../../Engine/Content/Functions/Engine_MaterialFunctions01/Shading/PowerToRoughness.uasset" 430
"../../../Engine/Content/Maps/Templates/Thumbnails/Default.uasset" 431
"../../../Engine/Content/Maps/Templates/Thumbnails/TimeOfDay.uasset" 432
"../../../Engine/Content/Maps/Templates/Thumbnails/VR-Basic.uasset" 433
"../../../Engine/Content/MobileResources/T_MobileControls_texture.uasset" 434
"../../../Engine/Content/MobileResources/T_MobileMenu2.uasset" 435
"../../../Engine/Content/MobileResources/HUD/AnalogHat.uasset" 436
"../../../Engine/Content/MobileResources/HUD/VirtualJoystick_Background.uasset" 437
"../../../Engine/Content/MobileResources/HUD/VirtualJoystick_Thumb.uasset" 438
"../../../Engine/Content/MobileResources/HUD/DefaultVirtualJoysticks.uasset" 439
"../../../Engine/Content/MobileResources/HUD/LeftVirtualJoystickOnly.uasset" 440
"../../../Engine/Content/MobileResources/HUD/MobileHUDButton1_off.uasset" 441
"../../../Engine/Content/MobileResources/HUD/MobileHUDButton1_on.uasset" 442
"../../../Engine/Content/MobileResources/HUD/MobileHUDButton2_off.uasset" 443
"../../../Engine/Content/MobileResources/HUD/MobileHUDButton2_on.uasset" 444
"../../../Engine/Content/MobileResources/HUD/MobileHUDButton3.uasset" 445
"../../../Engine/Content/MobileResources/HUD/MobileHUDButtonFire.uasset" 446
"../../../Engine/Content/MobileResources/HUD/MobileHUDDirectionPad.uasset" 447
"../../../Engine/Content/MobileResources/HUD/MobileHUDDirectionPad2.uasset" 448
"../../../Engine/Content/MobileResources/HUD/MobileHUDDirectionPad3.uasset" 449
"../../../Engine/Content/MobileResources/HUD/MobileHUDDirectionStick.uasset" 450
"../../../Engine/Content/MobileResources/HUD/T_Castle_ThumbstickInner.uasset" 451
"../../../Engine/Content/MobileResources/HUD/T_Castle_ThumbstickOutter.uasset" 452
"../../../Engine/Content/Tutorial/ContentIntroCurve.uasset" 453
"../../../Engine/Content/Tutorial/Basics/LevelEditorAttract.uasset" 454
"../../../Engine/Content/Tutorial/Installation/InstallingVisualStudioTutorial.uasset" 455
"../../../Engine/Content/VREditor/LaserPointer/VR_LaserPower_01.uasset" 456
"../../../Engine/Content/VREditor/TransformGizmo/TransformGizmoMaterial.uasset" 457
"../../../Engine/Content/VREditor/TransformGizmo/TranslucentTransformGizmoMaterial.uasset" 458
"../../../Engine/Content/VREditor/TransformGizmo/BoundingBoxCorner.uasset" 459
"../../../Engine/Content/VREditor/TransformGizmo/BoundingBoxEdge.uasset" 460
"../../../Engine/Content/VREditor/TransformGizmo/PlaneTranslationHandle.uasset" 461
"../../../Engine/Content/VREditor/TransformGizmo/Main.uasset" 462
"../../../Engine/Content/VREditor/TransformGizmo/Xray.uasset" 463
"../../../Engine/Content/VREditor/TransformGizmo/SM_Sequencer_Key.uasset" 464
"../../../Engine/Content/VREditor/TransformGizmo/SM_Sequencer_Node.uasset" 465
"../../Plugins/2D/Paper2D/Content/DummySprite.uasset" 466
"../../Plugins/2D/Paper2D/Content/DefaultPaperTerrainMaterial.uasset" 467
"../../Plugins/2D/Paper2D/Content/DefaultSpriteMaterial.uasset" 468
"../../Plugins/2D/Paper2D/Content/MaskedUnlitSpriteMaterial.uasset" 469
"../../Plugins/2D/Paper2D/Content/OpaqueUnlitSpriteMaterial.uasset" 470
"../../Plugins/FX/Niagara/Content/Enums/ENiagaraBooleanLogicOps.uasset" 471
"../../Plugins/FX/Niagara/Content/Enums/ENiagaraOrientationAxis.uasset" 472
"../../Plugins/Marketplace/BlockoutToolsPlugin/Content/Blueprints/Utility/BlockoutToolsFunctions.uasset" 473
"../../Plugins/Marketplace/BlockoutToolsPlugin/Content/Meshes/SM_Blockout_Cone_Q1.uasset" 474
"../../Plugins/Marketplace/BlockoutToolsPlugin/Content/Meshes/SM_Blockout_Cone_Q2.uasset" 475
"../../Plugins/Marketplace/BlockoutToolsPlugin/Content/Meshes/SM_Blockout_Cone_Q3.uasset" 476
"../../Plugins/Marketplace/BlockoutToolsPlugin/Content/Meshes/SM_Blockout_Cone_Q4.uasset" 477
"../../Plugins/Marketplace/BlockoutToolsPlugin/Content/Blueprints/Blockout_Cone.uasset" 478
"../../Plugins/Marketplace/BlockoutToolsPlugin/Content/Meshes/SM_Blockout_Curved_Corner_Inner_Q1.uasset" 479
"../../Plugins/Marketplace/BlockoutToolsPlugin/Content/Meshes/SM_Blockout_Curved_Corner_Inner_Q2.uasset" 480
"../../Plugins/Marketplace/BlockoutToolsPlugin/Content/Meshes/SM_Blockout_Curved_Corner_Inner_Q3.uasset" 481
"../../Plugins/Marketplace/BlockoutToolsPlugin/Content/Meshes/SM_Blockout_Curved_Corner_Inner_Q4.uasset" 482
"../../Plugins/Marketplace/BlockoutToolsPlugin/Content/Meshes/SM_Blockout_Curved_Corner_Outer_Q1.uasset" 483
"../../Plugins/Marketplace/BlockoutToolsPlugin/Content/Meshes/SM_Blockout_Curved_Corner_Outer_Q2.uasset" 484
"../../Plugins/Marketplace/BlockoutToolsPlugin/Content/Meshes/SM_Blockout_Curved_Corner_Outer_Q3.uasset" 485
"../../Plugins/Marketplace/BlockoutToolsPlugin/Content/Meshes/SM_Blockout_Curved_Corner_Outer_Q4.uasset" 486
"../../Plugins/Marketplace/BlockoutToolsPlugin/Content/Blueprints/Blockout_Corner_Curved.uasset" 487
"../../Plugins/Marketplace/BlockoutToolsPlugin/Content/Meshes/SM_Blockout_Box.uasset" 488
"../../Plugins/Marketplace/BlockoutToolsPlugin/Content/Blueprints/Blockout_Doorway.uasset" 489
"../../Plugins/Marketplace/BlockoutToolsPlugin/Content/Blueprints/Utility/EBlockoutRailingType.uasset" 490
"../../Plugins/Marketplace/BlockoutToolsPlugin/Content/Meshes/SM_Blockout_Railing_Closed.uasset" 491
"../../Plugins/Marketplace/BlockoutToolsPlugin/Content/Meshes/SM_Blockout_Railing_Open.uasset" 492
"../../Plugins/Marketplace/BlockoutToolsPlugin/Content/Meshes/SM_Blockout_Railing_Pole.uasset" 493
"../../Plugins/Marketplace/BlockoutToolsPlugin/Content/Blueprints/Blockout_Railing.uasset" 494
"../../Plugins/Marketplace/BlockoutToolsPlugin/Content/Meshes/SM_Blockout_Ramp.uasset" 495
"../../Plugins/Marketplace/BlockoutToolsPlugin/Content/Blueprints/Blockout_Ramp.uasset" 496
"../../Plugins/Marketplace/BlockoutToolsPlugin/Content/Blueprints/Utility/EBlockoutAlignment.uasset" 497
"../../Plugins/Marketplace/BlockoutToolsPlugin/Content/Meshes/SM_Blockout_Box_Centered.uasset" 498
"../../Plugins/Marketplace/BlockoutToolsPlugin/Content/Meshes/SM_Blockout_Box_Right.uasset" 499
"../../Plugins/Marketplace/BlockoutToolsPlugin/Content/Blueprints/Blockout_Skewbox.uasset" 500
"../../Plugins/Marketplace/BlockoutToolsPlugin/Content/Blueprints/Utility/EBlockoutStairsType.uasset" 501
"../../Plugins/Marketplace/BlockoutToolsPlugin/Content/Meshes/SM_Blockout_Step_Box_Centered.uasset" 502
"../../Plugins/Marketplace/BlockoutToolsPlugin/Content/Meshes/SM_Blockout_Step_Sloped_Centered.uasset" 503
"../../Plugins/Marketplace/BlockoutToolsPlugin/Content/Blueprints/Blockout_Stairs_Curved.uasset" 504
"../../Plugins/Marketplace/BlockoutToolsPlugin/Content/Meshes/SM_Blockout_Step_Box.uasset" 505
"../../Plugins/Marketplace/BlockoutToolsPlugin/Content/Meshes/SM_Blockout_Step_Sloped_Linear.uasset" 506
"../../Plugins/Marketplace/BlockoutToolsPlugin/Content/Blueprints/Blockout_Stairs_Linear.uasset" 507
"../../Plugins/Marketplace/BlockoutToolsPlugin/Content/Blueprints/Blockout_Stairs_Linear_Manual.uasset" 508
"../../Plugins/Marketplace/BlockoutToolsPlugin/Content/Meshes/SM_Blockout_Tube_Q1.uasset" 509
"../../Plugins/Marketplace/BlockoutToolsPlugin/Content/Meshes/SM_Blockout_Tube_Q2.uasset" 510
"../../Plugins/Marketplace/BlockoutToolsPlugin/Content/Meshes/SM_Blockout_Tube_Q3.uasset" 511
"../../Plugins/Marketplace/BlockoutToolsPlugin/Content/Meshes/SM_Blockout_Tube_Q4.uasset" 512
"../../Plugins/Marketplace/BlockoutToolsPlugin/Content/Blueprints/Blockout_Tube.uasset" 513
"../../Plugins/Marketplace/BlockoutToolsPlugin/Content/Blueprints/Blockout_Window.uasset" 514
"../../../Engine/Content/Functions/Engine_MaterialFunctions02/Utility/VectorLength.uasset" 515
"../../../Engine/Content/Functions/Engine_MaterialFunctions02/WorldPositionOffset/ObjectScale.uasset" 516
"../../../Engine/Content/EngineMaterials/T_Default_BaseColor.uasset" 517
"../../Plugins/Marketplace/BlockoutToolsPlugin/Content/Materials/Functions/MF_Blockout_Triplanar.uasset" 518
"../../../Engine/Content/EngineMaterials/T_Default_Normal.uasset" 519
"../../Plugins/Marketplace/BlockoutToolsPlugin/Content/Materials/Functions/MF_Blockout_Triplanar_Normal.uasset" 520
"../../Plugins/Marketplace/BlockoutToolsPlugin/Content/Materials/M_BlockoutTools_Custom.uasset" 521
"../../Plugins/Marketplace/BlockoutToolsPlugin/Content/Materials/MI_BlockoutTools_Custom.uasset" 522
"../../Plugins/Marketplace/BlockoutToolsPlugin/Content/Textures/T_Blockout_Actor_Icon.uasset" 523
"../../../Engine/Content/EngineSky/C_Sky_Cloud_Color.uasset" 524
"../../../Engine/Content/EngineSky/C_Sky_Horizon_Color.uasset" 525
"../../../Engine/Content/EngineSky/C_Sky_Zenith_Color.uasset" 526
"../../../Engine/Content/EngineSky/T_Sky_Blue.uasset" 527
"../../../Engine/Content/EngineSky/T_Sky_Clouds_M.uasset" 528
"../../../Engine/Content/EngineSky/T_Sky_Stars.uasset" 529
"../../../Engine/Content/EngineSky/M_Sky_Panning_Clouds2.uasset" 530
"../../../Engine/Content/EngineSky/M_Sky_Panning_Stars.uasset" 531
"../../../Engine/Content/EngineSky/SM_SkySphere.uasset" 532
"../../../Engine/Content/EngineSky/BP_Sky_Sphere.uasset" 533
"../../../../../../Unreal Projects/BlackthornprodJam/Content/EpicLeaderboard/UMG/EpicLeaderboardEntryInterface.uasset" 534
"../../../Engine/Content/Functions/Engine_MaterialFunctions02/Utility/MakeFloat2.uasset" 535
"../../../../../../Unreal Projects/BlackthornprodJam/Content/EpicLeaderboard/Resources/Flags/flags.uasset" 536
"../../../../../../Unreal Projects/BlackthornprodJam/Content/EpicLeaderboard/Resources/Flags/M_Flag.uasset" 537
"../../../../../../Unreal Projects/BlackthornprodJam/Content/EpicLeaderboard/UMG/EpicLeaderboardEntry.uasset" 538
"../../../../../../Unreal Projects/BlackthornprodJam/Content/EpicLeaderboard/Resources/loading.uasset" 539
"../../../../../../Unreal Projects/BlackthornprodJam/Content/EpicLeaderboard/UMG/EpicLeaderboardFrame.uasset" 540
"../../../../../../Unreal Projects/BlackthornprodJam/Content/EpicLeaderboard/Demo/DemoWidget.uasset" 541
"../../../../../../Unreal Projects/BlackthornprodJam/Content/EpicLeaderboard/Resources/Background/big.uasset" 542
"../../../../../../Unreal Projects/BlackthornprodJam/Content/EpicLeaderboard/Resources/Background/medium.uasset" 543
"../../../../../../Unreal Projects/BlackthornprodJam/Content/EpicLeaderboard/Resources/Background/small.uasset" 544
"../../../../../../Unreal Projects/BlackthornprodJam/Content/EpicLeaderboard/UMG/Background/DemoBackgroundTile.uasset" 545
"../../../../../../Unreal Projects/BlackthornprodJam/Content/EpicLeaderboard/UMG/Background/DemoBackground.uasset" 546
"../../../../../../Unreal Projects/BlackthornprodJam/Content/EpicLeaderboard/Demo/DemoMap.umap" 547
"../../Plugins/Marketplace/BlockoutToolsPlugin/Content/Blueprints/Blockout_Box.uasset" 548
"../../../../../../Unreal Projects/BlackthornprodJam/Content/Materials/Masters/M_MovingObj_MASTER.uasset" 549
"../../../../../../Unreal Projects/BlackthornprodJam/Content/Materials/M_DynamCrumble.uasset" 550
"../../../../../../Unreal Projects/BlackthornprodJam/Content/FX/N_Crumble.uasset" 551
"../../../Engine/Content/BasicShapes/Cube.uasset" 552
"../../../../../../Unreal Projects/BlackthornprodJam/Content/FX/N_Crumble_System.uasset" 553
"../../../../../../Unreal Projects/BlackthornprodJam/Content/LevelActors/CrumblePlatform.uasset" 554
"../../../../../../Unreal Projects/BlackthornprodJam/Content/PlatformingChar/DoorScreenShake.uasset" 555
"../../../../../../Unreal Projects/BlackthornprodJam/Content/Materials/Textures/Door_Texture.uasset" 556
"../../../../../../Unreal Projects/BlackthornprodJam/Content/Materials/Textures/Door_Texture_AO.uasset" 557
"../../../../../../Unreal Projects/BlackthornprodJam/Content/Materials/M_DoorEX.uasset" 558
"../../../Engine/Content/BasicShapes/Plane.uasset" 559
"../../../../../../Unreal Projects/BlackthornprodJam/Content/Meshes/door.uasset" 560
"../../../../../../Unreal Projects/BlackthornprodJam/Content/LevelActors/ExitGate.uasset" 561
"../../../../../../Unreal Projects/BlackthornprodJam/Content/FX/ring.uasset" 562
"../../../../../../Unreal Projects/BlackthornprodJam/Content/LevelActors/M_Ring.uasset" 563
"../../../../../../Unreal Projects/BlackthornprodJam/Content/Materials/Textures/jelly.uasset" 564
"../../../../../../Unreal Projects/BlackthornprodJam/Content/Materials/Textures/jelly_ao.uasset" 565
"../../../../../../Unreal Projects/BlackthornprodJam/Content/Materials/Textures/jelly_ex.uasset" 566
"../../../../../../Unreal Projects/BlackthornprodJam/Content/Materials/M_jelly.uasset" 567
"../../../Engine/Content/BasicShapes/Sphere.uasset" 568
"../../../../../../Unreal Projects/BlackthornprodJam/Content/LevelActors/Jelly.uasset" 569
"../../../../../../Unreal Projects/BlackthornprodJam/Content/LevelActors/KillZ.uasset" 570
"../../../Engine/Content/BasicShapes/BasicShapeMaterial.uasset" 571
"../../../../../../Unreal Projects/BlackthornprodJam/Content/LevelActors/LaserGenerator.uasset" 572
"../../../../../../Unreal Projects/BlackthornprodJam/Content/Materials/Textures/geo.uasset" 573
"../../../../../../Unreal Projects/BlackthornprodJam/Content/Materials/M_Energy.uasset" 574
"../../../../../../Unreal Projects/BlackthornprodJam/Content/LevelActors/Lava.uasset" 575
"../../../../../../Unreal Projects/BlackthornprodJam/Content/Materials/Textures/moving.uasset" 576
"../../../../../../Unreal Projects/BlackthornprodJam/Content/Materials/Textures/moving_AO.uasset" 577
"../../../../../../Unreal Projects/BlackthornprodJam/Content/Materials/Textures/moving_ex.uasset" 578
"../../../../../../Unreal Projects/BlackthornprodJam/Content/Materials/M_Moving.uasset" 579
"../../../../../../Unreal Projects/BlackthornprodJam/Content/LevelActors/MovingPlatform.uasset" 580
"../../../../../../Unreal Projects/BlackthornprodJam/Content/Levels/DEBUG_Level_BuiltData.uasset" 581
"../../../Engine/Content/EngineMaterials/BlendFunc_DefBase.uasset" 582
"../../../Engine/Content/EngineMaterials/BlendFunc_DefBlend.uasset" 583
"../../../Engine/Content/Functions/Engine_MaterialFunctions03/Blends/Blend_Screen.uasset" 584
"../../Plugins/Marketplace/BlockoutToolsPlugin/Content/Textures/T_Blockout_Grid.uasset" 585
"../../../Engine/Content/EngineMaterials/DefaultWhiteGrid.uasset" 586
"../../Plugins/Marketplace/BlockoutToolsPlugin/Content/Materials/Functions/MF_Blockout_Grid.uasset" 587
"../../Plugins/Marketplace/BlockoutToolsPlugin/Content/Materials/Functions/MF_Blockout_Triplanar_Grid.uasset" 588
"../../Plugins/Marketplace/BlockoutToolsPlugin/Content/Materials/M_BlockoutTools_Grid.uasset" 589
"../../Plugins/Marketplace/BlockoutToolsPlugin/Content/Materials/MI_BlockoutTools_Grid.uasset" 590
"../../../../../../Unreal Projects/BlackthornprodJam/Content/Levels/DEBUG_Level.umap" 591
"../../../../../../Unreal Projects/BlackthornprodJam/Content/Meshes/Owl/spirit_owl_Anim_Armature_Move.uasset" 592
"../../../../../../Unreal Projects/BlackthornprodJam/Content/FX/N_trail_SystemLOCAL.uasset" 593
"../../../../../../Unreal Projects/BlackthornprodJam/Content/PlatformingChar/SkeletalMesh/Wings/N_FeatherTrail_SysLOCAL.uasset" 594
"../../../../../../Unreal Projects/BlackthornprodJam/Content/PlatformingChar/Blueprints/FlyingCrow.uasset" 595
"../../../../../../Unreal Projects/BlackthornprodJam/Content/FX/N_SkyFlies.uasset" 596
"../../../../../../Unreal Projects/BlackthornprodJam/Content/Widgets/chibi.uasset" 597
"../../../../../../Unreal Projects/BlackthornprodJam/Content/Widgets/W_End.uasset" 598
"../../../../../../Unreal Projects/BlackthornprodJam/Content/PlatformingChar/Blueprints/FlyingCharacter.uasset" 599
"../../../../../../Unreal Projects/BlackthornprodJam/Content/PlatformingChar/Blueprints/EndingGamemode.uasset" 600
"../../../../../../Unreal Projects/BlackthornprodJam/Content/FX/N_Clouds_System.uasset" 601
"../../../../../../Unreal Projects/BlackthornprodJam/Content/Sounds/Music/end.uasset" 602
"../../../../../../Unreal Projects/BlackthornprodJam/Content/Levels/End.umap" 603
"../../Plugins/Marketplace/BlockoutToolsPlugin/Content/Meshes/SM_Blockout_Cylinder_Q1.uasset" 604
"../../Plugins/Marketplace/BlockoutToolsPlugin/Content/Meshes/SM_Blockout_Cylinder_Q2.uasset" 605
"../../Plugins/Marketplace/BlockoutToolsPlugin/Content/Meshes/SM_Blockout_Cylinder_Q3.uasset" 606
"../../Plugins/Marketplace/BlockoutToolsPlugin/Content/Meshes/SM_Blockout_Cylinder_Q4.uasset" 607
"../../Plugins/Marketplace/BlockoutToolsPlugin/Content/Blueprints/Blockout_Cylinder.uasset" 608
"../../../../../../Unreal Projects/BlackthornprodJam/Content/PlatformingChar/SkinRenderTarget.uasset" 609
"../../../../../../Unreal Projects/BlackthornprodJam/Content/PlatformingChar/SkinPreview.uasset" 610
"../../../../../../Unreal Projects/BlackthornprodJam/Content/Widgets/MainMenu/MainMenuGameMode.uasset" 611
"../../../../../../Unreal Projects/BlackthornprodJam/Content/Levels/MainMenu_BuiltData.uasset" 612
"../../../../../../Unreal Projects/BlackthornprodJam/Content/Materials/Textures/sand.uasset" 613
"../../../../../../Unreal Projects/BlackthornprodJam/Content/Materials/M_SandLandscape.uasset" 614
"../../../Engine/Content/Functions/Engine_MaterialFunctions01/AlphaBlend/WorldAlignedBlend.uasset" 615
"../../../../../../Unreal Projects/BlackthornprodJam/Content/Materials/Masters/M_DuoMaterial_MASTER.uasset" 616
"../../../../../../Unreal Projects/BlackthornprodJam/Content/Materials/Textures/Lightblocks.uasset" 617
"../../../../../../Unreal Projects/BlackthornprodJam/Content/Materials/Textures/Lightblocks_AO.uasset" 618
"../../../../../../Unreal Projects/BlackthornprodJam/Content/Materials/M_Lightblocks.uasset" 619
"../../../../../../Unreal Projects/BlackthornprodJam/Content/Materials/Textures/Lightcolumns.uasset" 620
"../../../../../../Unreal Projects/BlackthornprodJam/Content/Materials/Textures/Lightcolumns_AO.uasset" 621
"../../../../../../Unreal Projects/BlackthornprodJam/Content/Materials/M_Lightcolumn.uasset" 622
"../../../../../../Unreal Projects/BlackthornprodJam/Content/FX/N_Sand_System.uasset" 623
"../../../Engine/Content/EngineMaterials/DefaultPhysicalMaterial.uasset" 624
"../../../../../../Unreal Projects/BlackthornprodJam/Content/Materials/Masters/M_basic2sided_Master.uasset" 625
"../../../../../../Unreal Projects/BlackthornprodJam/Content/Materials/Textures/banner_texture.uasset" 626
"../../../../../../Unreal Projects/BlackthornprodJam/Content/Materials/Masters/M_Banner.uasset" 627
"../../../../../../Unreal Projects/BlackthornprodJam/Content/Meshes/banner_PhysicsAsset.uasset" 628
"../../../../../../Unreal Projects/BlackthornprodJam/Content/Meshes/banner_Skeleton.uasset" 629
"../../../../../../Unreal Projects/BlackthornprodJam/Content/Meshes/banner.uasset" 630
"../../../../../../Unreal Projects/BlackthornprodJam/Content/Meshes/DarkSnake/dark_snake_PhysicsAsset.uasset" 631
"../../../../../../Unreal Projects/BlackthornprodJam/Content/Meshes/DarkSnake/dark_snake.uasset" 632
"../../../../../../Unreal Projects/BlackthornprodJam/Content/Sounds/Music/Boss_1.uasset" 633
"../../../../../../Unreal Projects/BlackthornprodJam/Content/LevelSequences/Intro2/MenuTransition.uasset" 634
"../../../../../../Unreal Projects/BlackthornprodJam/Content/LevelSequences/Intro2/newShot1.uasset" 635
"../../../../../../Unreal Projects/BlackthornprodJam/Content/LevelSequences/Intro2/NewShot2.uasset" 636
"../../../../../../Unreal Projects/BlackthornprodJam/Content/LevelSequences/Intro2/NewShot3.uasset" 637
"../../../../../../Unreal Projects/BlackthornprodJam/Content/LevelSequences/Intro2/NewMaster1.uasset" 638
"../../../../../../Unreal Projects/BlackthornprodJam/Content/PlatformingChar/M_SkinRender.uasset" 639
"../../../../../../Unreal Projects/BlackthornprodJam/Content/Widgets/MainMenu/blank.uasset" 640
"../../../../../../Unreal Projects/BlackthornprodJam/Content/Widgets/MainMenu/lock.uasset" 641
"../../../../../../Unreal Projects/BlackthornprodJam/Content/Widgets/MainMenu/SkinButton.uasset" 642
"../../../../../../Unreal Projects/BlackthornprodJam/Content/Widgets/MainMenu/W_SkinSelect.uasset" 643
"../../../../../../Unreal Projects/BlackthornprodJam/Content/Widgets/W_PatchNotes.uasset" 644
"../../../../../../Unreal Projects/BlackthornprodJam/Content/Widgets/MainMenu/W_MainMenu.uasset" 645
"../../../../../../Unreal Projects/BlackthornprodJam/Content/Levels/MainMenu.umap" 646
"../../../../../../Unreal Projects/BlackthornprodJam/Content/LevelActors/SpawnSystemFX.uasset" 647
"../../../../../../Unreal Projects/BlackthornprodJam/Content/Levels/A_Series/Level_A1_BuiltData.uasset" 648
"../../../../../../Unreal Projects/BlackthornprodJam/Content/Materials/Textures/Geological.uasset" 649
"../../../../../../Unreal Projects/BlackthornprodJam/Content/Materials/Masters/M_geological.uasset" 650
"../../../../../../Unreal Projects/BlackthornprodJam/Content/Materials/M_LightGeo.uasset" 651
"../../../../../../Unreal Projects/BlackthornprodJam/Content/Sounds/Music/Light_1.uasset" 652
"../../../../../../Unreal Projects/BlackthornprodJam/Content/Levels/A_Series/Level_A1.umap" 653
"../../Plugins/Marketplace/BlockoutToolsPlugin/Content/Meshes/SM_Blockout_Hemisphere_Q1.uasset" 654
"../../Plugins/Marketplace/BlockoutToolsPlugin/Content/Meshes/SM_Blockout_Hemisphere_Q2.uasset" 655
"../../Plugins/Marketplace/BlockoutToolsPlugin/Content/Meshes/SM_Blockout_Hemisphere_Q3.uasset" 656
"../../Plugins/Marketplace/BlockoutToolsPlugin/Content/Meshes/SM_Blockout_Hemisphere_Q4.uasset" 657
"../../Plugins/Marketplace/BlockoutToolsPlugin/Content/Meshes/SM_Blockout_Sphere_Q1.uasset" 658
"../../Plugins/Marketplace/BlockoutToolsPlugin/Content/Meshes/SM_Blockout_Sphere_Q2.uasset" 659
"../../Plugins/Marketplace/BlockoutToolsPlugin/Content/Meshes/SM_Blockout_Sphere_Q3.uasset" 660
"../../Plugins/Marketplace/BlockoutToolsPlugin/Content/Meshes/SM_Blockout_Sphere_Q4.uasset" 661
"../../Plugins/Marketplace/BlockoutToolsPlugin/Content/Blueprints/Blockout_Sphere.uasset" 662
"../../../../../../Unreal Projects/BlackthornprodJam/Content/Levels/A_Series/Level_A2_BuiltData.uasset" 663
"../../../../../../Unreal Projects/BlackthornprodJam/Content/Sounds/Music/Light_2.uasset" 664
"../../../../../../Unreal Projects/BlackthornprodJam/Content/Levels/A_Series/Level_A2.umap" 665
"../../../../../../Unreal Projects/BlackthornprodJam/Content/Materials/Textures/rotating.uasset" 666
"../../../../../../Unreal Projects/BlackthornprodJam/Content/Materials/Textures/rotating_ao.uasset" 667
"../../../../../../Unreal Projects/BlackthornprodJam/Content/Materials/Textures/rotating_ex.uasset" 668
"../../../../../../Unreal Projects/BlackthornprodJam/Content/Materials/M_RotatingPLat.uasset" 669
"../../../../../../Unreal Projects/BlackthornprodJam/Content/LevelActors/RotatingCylinder.uasset" 670
"../../../../../../Unreal Projects/BlackthornprodJam/Content/Materials/Textures/geo_edit.uasset" 671
"../../../../../../Unreal Projects/BlackthornprodJam/Content/Materials/M_EnergyBar.uasset" 672
"../../../../../../Unreal Projects/BlackthornprodJam/Content/LevelActors/LavaBar.uasset" 673
"../../../../../../Unreal Projects/BlackthornprodJam/Content/Materials/Textures/lavaspinner.uasset" 674
"../../../../../../Unreal Projects/BlackthornprodJam/Content/Materials/Textures/lavaspinner_AO.uasset" 675
"../../../../../../Unreal Projects/BlackthornprodJam/Content/Materials/Textures/lavaspinner_EX.uasset" 676
"../../../../../../Unreal Projects/BlackthornprodJam/Content/Materials/M_Spinner.uasset" 677
"../../../../../../Unreal Projects/BlackthornprodJam/Content/Meshes/spinner.uasset" 678
"../../../../../../Unreal Projects/BlackthornprodJam/Content/LevelActors/LavaSpinner.uasset" 679
"../../../../../../Unreal Projects/BlackthornprodJam/Content/Levels/A_Series/Level_A3_BuiltData.uasset" 680
"../../../../../../Unreal Projects/BlackthornprodJam/Content/Sounds/Music/Light_3.uasset" 681
"../../../../../../Unreal Projects/BlackthornprodJam/Content/Levels/A_Series/Level_A3.umap" 682
"../../../../../../Unreal Projects/BlackthornprodJam/Content/Levels/A_Series/Level_Abase.umap" 683
"../../../../../../Unreal Projects/BlackthornprodJam/Content/LevelSequences/Boss1/Boss1.uasset" 684
"../../../../../../Unreal Projects/BlackthornprodJam/Content/Meshes/Owl/spirit_owl_Anim_Armature_Sleep.uasset" 685
"../../../../../../Unreal Projects/BlackthornprodJam/Content/LevelSequences/Boss1/Boss2.uasset" 686
"../../../../../../Unreal Projects/BlackthornprodJam/Content/LevelSequences/Boss1/Boss3.uasset" 687
"../../../../../../Unreal Projects/BlackthornprodJam/Content/LevelSequences/Boss1/Boss4.uasset" 688
"../../../../../../Unreal Projects/BlackthornprodJam/Content/Meshes/Owl/spirit_owl_Anim_Armature_Hover2.uasset" 689
"../../../../../../Unreal Projects/BlackthornprodJam/Content/LevelSequences/Boss1/Boss5.uasset" 690
"../../../../../../Unreal Projects/BlackthornprodJam/Content/LevelSequences/Boss1/Boss6.uasset" 691
"../../../../../../Unreal Projects/BlackthornprodJam/Content/LevelSequences/Boss1/MasterBoss1.uasset" 692
"../../../../../../Unreal Projects/BlackthornprodJam/Content/Levels/A_Series/Level_ATop_BuiltData.uasset" 693
"../../../../../../Unreal Projects/BlackthornprodJam/Content/Meshes/Owl/M_DarkAura.uasset" 694
"../../../../../../Unreal Projects/BlackthornprodJam/Content/Materials/Textures/darkblock_ao.uasset" 695
"../../../../../../Unreal Projects/BlackthornprodJam/Content/Materials/M_Darkbricks.uasset" 696
"../../../../../../Unreal Projects/BlackthornprodJam/Content/Materials/Textures/darkcolumn.uasset" 697
"../../../../../../Unreal Projects/BlackthornprodJam/Content/Materials/Textures/darkcolumn_ao.uasset" 698
"../../../../../../Unreal Projects/BlackthornprodJam/Content/Materials/M_Darkcolumn.uasset" 699
"../../../../../../Unreal Projects/BlackthornprodJam/Content/Materials/M_DarkGeo.uasset" 700
"../../../../../../Unreal Projects/BlackthornprodJam/Content/Levels/A_Series/Level_ATop.umap" 701
"../../../../../../Unreal Projects/BlackthornprodJam/Content/LevelActors/FallSystemSpawner.uasset" 702
"../../../../../../Unreal Projects/BlackthornprodJam/Content/Levels/B_Series/Level_B1_BuiltData.uasset" 703
"../../../../../../Unreal Projects/BlackthornprodJam/Content/Sounds/Music/Dark_1.uasset" 704
"../../../../../../Unreal Projects/BlackthornprodJam/Content/Levels/B_Series/Level_B1.umap" 705
"../../../../../../Unreal Projects/BlackthornprodJam/Content/Levels/B_Series/Level_B2_BuiltData.uasset" 706
"../../../../../../Unreal Projects/BlackthornprodJam/Content/Sounds/Music/Dark_2.uasset" 707
"../../../../../../Unreal Projects/BlackthornprodJam/Content/Levels/B_Series/Level_B2.umap" 708
"../../../../../../Unreal Projects/BlackthornprodJam/Content/Levels/B_Series/Level_B3_BuiltData.uasset" 709
"../../../../../../Unreal Projects/BlackthornprodJam/Content/Sounds/Music/Dark_3.uasset" 710
"../../../../../../Unreal Projects/BlackthornprodJam/Content/Levels/B_Series/Level_B3.umap" 711
"../../../../../../Unreal Projects/BlackthornprodJam/Content/Meshes/Owl/spirit_owl_Anim_Armature_Fly.uasset" 712
"../../../../../../Unreal Projects/BlackthornprodJam/Content/Meshes/Owl/spirit_owl_Anim_Armature_Hurt.uasset" 713
"../../../../../../Unreal Projects/BlackthornprodJam/Content/Levels/B_Series/Level_BTop_BuiltData.uasset" 714
"../../../../../../Unreal Projects/BlackthornprodJam/Content/FX/N_DarkRelease_System.uasset" 715
"../../../../../../Unreal Projects/BlackthornprodJam/Content/Levels/B_Series/Level_BTop.umap" 716
"../../../Engine/Content/Maps/Entry_BuiltData.uasset" 717
"../../../Engine/Content/Maps/Entry.umap" 718
